<?xml version="1.0" encoding="UTF-8"?>
<!-- Generated by org.testng.reporters.JUnitXMLReporter -->
<testsuite hostname="Lenovo" ignored="2" name=" BVT Test" tests="1" failures="0" timestamp="15 Dec 2025 09:42:01 GMT" time="29.285" errors="0">
  <testcase name="LoginTest" time="16.929" classname="testcases.MyFirstTestFW"/>
  <testcase name="@BeforeTest setUp" time="0.0" classname="base.BaseTest">
    <ignored/>
  </testcase> <!-- @BeforeTest setUp -->
  <testcase name="@AfterTest tearDown" time="0.0" classname="base.BaseTest">
    <ignored/>
  </testcase> <!-- @AfterTest tearDown -->
</testsuite> <!--  BVT Test -->
